<?xml version="1.0" encoding="UTF-8"?>
<!-- Generated by org.testng.reporters.JUnitReportReporter -->
<testsuite hostname="DESKTOP-HGBQ36F" failures="0" tests="1" name="loanapplications.HomeLoanApplicationTests" time="0.007" errors="0" timestamp="2022-09-27T12:51:23 IST" skipped="0">
  <testcase classname="loanapplications.HomeLoanApplicationTests" name="HomeLoanLoginAPI" time="0.007"/>
  <system-out/>
</testsuite> <!-- loanapplications.HomeLoanApplicationTests -->
