<?xml version="1.0" encoding="UTF-8"?>
<!-- Generated by org.testng.reporters.JUnitReportReporter -->
<testsuite hostname="DESKTOP-HGBQ36F" failures="0" tests="1" name="loanapplications.CarLoanApplicationTests" time="0.005" errors="0" timestamp="2022-09-27T12:51:23 IST" skipped="0">
  <testcase classname="loanapplications.CarLoanApplicationTests" name="CarLoanLoginMobile" time="0.005"/>
  <system-out/>
</testsuite> <!-- loanapplications.CarLoanApplicationTests -->
