<?xml version="1.0" encoding="UTF-8"?>
<!-- Generated by org.testng.reporters.JUnitReportReporter -->
<testsuite hostname="DESKTOP-HGBQ36F" failures="0" tests="1" name="loanapplications.PersonalLoanApplicationTests" time="0.017" errors="0" timestamp="2022-09-27T12:51:23 IST" skipped="0">
  <testcase classname="loanapplications.PersonalLoanApplicationTests" name="PersonalLoanLoginWeb" time="0.017"/>
  <system-out/>
</testsuite> <!-- loanapplications.PersonalLoanApplicationTests -->
